<?xml version="1.0" encoding="UTF-8"?>
<testng-results skipped="0" failed="0" ignored="0" total="2" passed="2">
  <reporter-output>
  </reporter-output>
  <suite name="Suite" duration-ms="13791" started-at="2025-07-13T11:24:44Z" finished-at="2025-07-13T11:24:58Z">
    <groups>
    </groups>
    <test name="Test" duration-ms="13791" started-at="2025-07-13T11:24:44Z" finished-at="2025-07-13T11:24:58Z">
      <class name="testNG.basics.FindingElements">
        <test-method status="PASS" signature="findingElements()[pri:0, instance:testNG.basics.FindingElements@d8355a8]" name="findingElements" duration-ms="13733" started-at="2025-07-13T11:24:44Z" finished-at="2025-07-13T11:24:58Z">
          <reporter-output>
          </reporter-output>
        </test-method> <!-- findingElements -->
      </class> <!-- testNG.basics.FindingElements -->
      <class name="testNG.basics.WindowHandling">
        <test-method status="PASS" signature="windowHandling()[pri:0, instance:testNG.basics.WindowHandling@224edc67]" name="windowHandling" duration-ms="9096" started-at="2025-07-13T11:24:44Z" finished-at="2025-07-13T11:24:53Z">
          <reporter-output>
          </reporter-output>
        </test-method> <!-- windowHandling -->
      </class> <!-- testNG.basics.WindowHandling -->
    </test> <!-- Test -->
  </suite> <!-- Suite -->
</testng-results>
